{"numTotalTestSuites":2,"numPassedTestSuites":2,"numFailedTestSuites":0,"numPendingTestSuites":0,"numTotalTests":8,"numPassedTests":8,"numFailedTests":0,"numPendingTests":0,"numTodoTests":0,"snapshot":{"added":0,"failure":false,"filesAdded":0,"filesRemoved":0,"filesRemovedList":[],"filesUnmatched":0,"filesUpdated":0,"matched":0,"total":0,"unchecked":0,"uncheckedKeysByFile":[],"unmatched":0,"updated":0,"didUpdate":false},"startTime":1751529723119,"success":true,"testResults":[{"assertionResults":[{"ancestorTitles":["Test Setup Verification"],"fullName":"Test Setup Verification should have correct test configuration","status":"passed","title":"should have correct test configuration","duration":1.0644439999999804,"failureMessages":[],"meta":{}},{"ancestorTitles":["Test Setup Verification"],"fullName":"Test Setup Verification should create mock questions correctly","status":"passed","title":"should create mock questions correctly","duration":1.2990089999999554,"failureMessages":[],"meta":{}},{"ancestorTitles":["Test Setup Verification"],"fullName":"Test Setup Verification should create multiple mock questions","status":"passed","title":"should create multiple mock questions","duration":0.35650300000008883,"failureMessages":[],"meta":{}},{"ancestorTitles":["Test Setup Verification"],"fullName":"Test Setup Verification should create mock user history","status":"passed","title":"should create mock user history","duration":0.18596800000000258,"failureMessages":[],"meta":{}},{"ancestorTitles":["Test Setup Verification"],"fullName":"Test Setup Verification should measure performance correctly","status":"passed","title":"should measure performance correctly","duration":10.729800000000068,"failureMessages":[],"meta":{}},{"ancestorTitles":["Test Setup Verification"],"fullName":"Test Setup Verification should have working mock Supabase client","status":"passed","title":"should have working mock Supabase client","duration":0.12234799999998813,"failureMessages":[],"meta":{}},{"ancestorTitles":["Test Setup Verification"],"fullName":"Test Setup Verification should handle environment variables","status":"passed","title":"should handle environment variables","duration":0.08621299999992971,"failureMessages":[],"meta":{}},{"ancestorTitles":["Test Setup Verification"],"fullName":"Test Setup Verification should have memory usage monitoring available","status":"passed","title":"should have memory usage monitoring available","duration":0.3749930000000177,"failureMessages":[],"meta":{}}],"startTime":1751529723615,"endTime":1751529723629.375,"status":"passed","message":"","name":"/home/daniel_pogodin/amiram/src/services/adaptiveQuestions/__tests__/setup.test.ts"}]}